Determining if the KUKEN exist failed with the following output:
Change Dir: /Users/philipwenkel/GitHub/Phan/xbuild/CMakeFiles/CMakeTmp

Run Build Command(s):/usr/bin/xcodebuild -project CMAKE_TRY_COMPILE.xcodeproj build -target cmTC_128de -parallelizeTargets -configuration Debug -hideShellScriptEnvironment && Command line invocation:
    /Applications/Xcode-beta.app/Contents/Developer/usr/bin/xcodebuild -project CMAKE_TRY_COMPILE.xcodeproj build -target cmTC_128de -parallelizeTargets -configuration Debug -hideShellScriptEnvironment

User defaults from command line:
    HideShellScriptEnvironment = YES
    IDEPackageSupportUseBuiltinSCM = YES

note: Using new build system
note: Building targets in parallel
note: Planning build
note: Analyzing workspace
note: Constructing build description
note: Build preparation complete
CreateBuildDirectory /Users/philipwenkel/GitHub/Phan/xbuild/CMakeFiles/CMakeTmp
    cd /Users/philipwenkel/GitHub/Phan/xbuild/CMakeFiles/CMakeTmp/CMAKE_TRY_COMPILE.xcodeproj
    builtin-create-build-directory /Users/philipwenkel/GitHub/Phan/xbuild/CMakeFiles/CMakeTmp

CreateBuildDirectory /Users/philipwenkel/GitHub/Phan/xbuild/CMakeFiles/CMakeTmp/Debug
    cd /Users/philipwenkel/GitHub/Phan/xbuild/CMakeFiles/CMakeTmp/CMAKE_TRY_COMPILE.xcodeproj
    builtin-create-build-directory /Users/philipwenkel/GitHub/Phan/xbuild/CMakeFiles/CMakeTmp/Debug

WriteAuxiliaryFile /Users/philipwenkel/GitHub/Phan/xbuild/CMakeFiles/CMakeTmp/CMAKE_TRY_COMPILE.build/Debug/cmTC_128de.build/Objects-normal/x86_64/cmTC_128de.LinkFileList (in target 'cmTC_128de' from project 'CMAKE_TRY_COMPILE')
    cd /Users/philipwenkel/GitHub/Phan/xbuild/CMakeFiles/CMakeTmp
    write-file /Users/philipwenkel/GitHub/Phan/xbuild/CMakeFiles/CMakeTmp/CMAKE_TRY_COMPILE.build/Debug/cmTC_128de.build/Objects-normal/x86_64/cmTC_128de.LinkFileList

CompileC /Users/philipwenkel/GitHub/Phan/xbuild/CMakeFiles/CMakeTmp/CMAKE_TRY_COMPILE.build/Debug/cmTC_128de.build/Objects-normal/x86_64/CheckSymbolExists.o /Users/philipwenkel/GitHub/Phan/xbuild/CMakeFiles/CMakeTmp/CheckSymbolExists.cxx normal x86_64 c++ com.apple.compilers.llvm.clang.1_0.compiler (in target 'cmTC_128de' from project 'CMAKE_TRY_COMPILE')
    cd /Users/philipwenkel/GitHub/Phan/xbuild/CMakeFiles/CMakeTmp
    /Applications/Xcode-beta.app/Contents/Developer/Toolchains/XcodeDefault.xctoolchain/usr/bin/clang -x c++ -target x86_64-apple-macos11.2 -fmessage-length\=0 -fdiagnostics-show-note-include-stack -fmacro-backtrace-limit\=0 -Wno-trigraphs -fpascal-strings -O0 -Wno-missing-field-initializers -Wno-missing-prototypes -Wno-return-type -Wno-non-virtual-dtor -Wno-overloaded-virtual -Wno-exit-time-destructors -Wno-missing-braces -Wparentheses -Wswitch -Wno-unused-function -Wno-unused-label -Wno-unused-parameter -Wno-unused-variable -Wunused-value -Wno-empty-body -Wno-uninitialized -Wno-unknown-pragmas -Wno-shadow -Wno-four-char-constants -Wno-conversion -Wno-constant-conversion -Wno-int-conversion -Wno-bool-conversion -Wno-enum-conversion -Wno-float-conversion -Wno-non-literal-null-conversion -Wno-objc-literal-conversion -Wno-shorten-64-to-32 -Wno-newline-eof -Wno-c++11-extensions -DCMAKE_INTDIR\=\"Debug\" -isysroot /Applications/Xcode-beta.app/Contents/Developer/Platforms/MacOSX.platform/Developer/SDKs/MacOSX11.3.sdk -fasm-blocks -fstrict-aliasing -Wdeprecated-declarations -Winvalid-offsetof -g -Wno-sign-conversion -Wno-infinite-recursion -Wno-move -Wno-comma -Wno-block-capture-autoreleasing -Wno-strict-prototypes -Wno-range-loop-analysis -Wno-semicolon-before-method-body -I/Users/philipwenkel/GitHub/Phan/xbuild/CMakeFiles/CMakeTmp/Debug/include -I/Users/philipwenkel/GitHub/Phan/xbuild/CMakeFiles/CMakeTmp/CMAKE_TRY_COMPILE.build/Debug/cmTC_128de.build/DerivedSources-normal/x86_64 -I/Users/philipwenkel/GitHub/Phan/xbuild/CMakeFiles/CMakeTmp/CMAKE_TRY_COMPILE.build/Debug/cmTC_128de.build/DerivedSources/x86_64 -I/Users/philipwenkel/GitHub/Phan/xbuild/CMakeFiles/CMakeTmp/CMAKE_TRY_COMPILE.build/Debug/cmTC_128de.build/DerivedSources -F/Users/philipwenkel/GitHub/Phan/xbuild/CMakeFiles/CMakeTmp/Debug -std\=gnu++2a -MMD -MT dependencies -MF /Users/philipwenkel/GitHub/Phan/xbuild/CMakeFiles/CMakeTmp/CMAKE_TRY_COMPILE.build/Debug/cmTC_128de.build/Objects-normal/x86_64/CheckSymbolExists.d --serialize-diagnostics /Users/philipwenkel/GitHub/Phan/xbuild/CMakeFiles/CMakeTmp/CMAKE_TRY_COMPILE.build/Debug/cmTC_128de.build/Objects-normal/x86_64/CheckSymbolExists.dia -c /Users/philipwenkel/GitHub/Phan/xbuild/CMakeFiles/CMakeTmp/CheckSymbolExists.cxx -o /Users/philipwenkel/GitHub/Phan/xbuild/CMakeFiles/CMakeTmp/CMAKE_TRY_COMPILE.build/Debug/cmTC_128de.build/Objects-normal/x86_64/CheckSymbolExists.o
/Users/philipwenkel/GitHub/Phan/xbuild/CMakeFiles/CMakeTmp/CheckSymbolExists.cxx:2:10: fatal error: '/Users/philipwenkel/GitHub/Phan/include/template_library/template_library.hpp' file not found
#include </Users/philipwenkel/GitHub/Phan/include/template_library/template_library.hpp>
         ^~~~~~~~~~~~~~~~~~~~~~~~~~~~~~~~~~~~~~~~~~~~~~~~~~~~~~~~~~~~~~~~~~~~~~~~~~~~~~~
1 error generated.

** BUILD FAILED **


The following build commands failed:
	CompileC /Users/philipwenkel/GitHub/Phan/xbuild/CMakeFiles/CMakeTmp/CMAKE_TRY_COMPILE.build/Debug/cmTC_128de.build/Objects-normal/x86_64/CheckSymbolExists.o /Users/philipwenkel/GitHub/Phan/xbuild/CMakeFiles/CMakeTmp/CheckSymbolExists.cxx normal x86_64 c++ com.apple.compilers.llvm.clang.1_0.compiler
(1 failure)


File /Users/philipwenkel/GitHub/Phan/xbuild/CMakeFiles/CMakeTmp/CheckSymbolExists.cxx:
/* */
#include </Users/philipwenkel/GitHub/Phan/include/template_library/template_library.hpp>

int main(int argc, char** argv)
{
  (void)argv;
#ifndef KUKEN
  return ((int*)(&KUKEN))[argc];
#else
  (void)argc;
  return 0;
#endif
}
